<?xml version="1.0" encoding="UTF-8"?>
<!-- Generated by org.testng.reporters.JUnitReportReporter -->
<testsuite hostname="LAPTOP-3BDF32KQ" failures="0" tests="1" name="Testing.Testingtime2" time="0.005" errors="0" timestamp="2022-05-20T16:01:55 IST" skipped="0">
  <testcase classname="Testing.Testingtime2" name="test" time="0.005"/>
  <system-out/>
</testsuite> <!-- Testing.Testingtime2 -->
